[0131/134153:ERROR:process_reader_win.cc(114)] NtOpenThread: {Access Denied} A process has requested access to an object, but has not been granted those access rights.  (0xc0000022)
[0131/134153:ERROR:exception_snapshot_win.cc(87)] thread ID 221344 not found in process
[0131/134153:WARNING:crash_report_exception_handler.cc(61)] ProcessSnapshotWin::Initialize failed
[0131/134154:ERROR:process_reader_win.cc(114)] NtOpenThread: {Access Denied} A process has requested access to an object, but has not been granted those access rights.  (0xc0000022)
[0131/134154:ERROR:exception_snapshot_win.cc(87)] thread ID 213660 not found in process
[0131/134154:WARNING:crash_report_exception_handler.cc(61)] ProcessSnapshotWin::Initialize failed
[0202/073253:ERROR:process_reader_win.cc(114)] NtOpenThread: {Access Denied} A process has requested access to an object, but has not been granted those access rights.  (0xc0000022)
[0202/073253:ERROR:exception_snapshot_win.cc(87)] thread ID 16252 not found in process
[0202/073253:WARNING:crash_report_exception_handler.cc(61)] ProcessSnapshotWin::Initialize failed
[0207/114027:ERROR:process_reader_win.cc(114)] NtOpenThread: {Access Denied} A process has requested access to an object, but has not been granted those access rights.  (0xc0000022)
[0207/114027:ERROR:exception_snapshot_win.cc(87)] thread ID 16828 not found in process
[0207/114027:WARNING:crash_report_exception_handler.cc(61)] ProcessSnapshotWin::Initialize failed
[0207/114647:ERROR:process_reader_win.cc(114)] NtOpenThread: {Access Denied} A process has requested access to an object, but has not been granted those access rights.  (0xc0000022)
[0207/114647:ERROR:exception_snapshot_win.cc(87)] thread ID 13524 not found in process
[0207/114647:WARNING:crash_report_exception_handler.cc(61)] ProcessSnapshotWin::Initialize failed
[0207/114649:ERROR:process_reader_win.cc(114)] NtOpenThread: {Access Denied} A process has requested access to an object, but has not been granted those access rights.  (0xc0000022)
[0207/114649:ERROR:exception_snapshot_win.cc(87)] thread ID 11124 not found in process
[0207/114649:WARNING:crash_report_exception_handler.cc(61)] ProcessSnapshotWin::Initialize failed
[0208/084856:ERROR:process_reader_win.cc(114)] NtOpenThread: {Access Denied} A process has requested access to an object, but has not been granted those access rights.  (0xc0000022)
[0208/084856:ERROR:exception_snapshot_win.cc(87)] thread ID 9804 not found in process
[0208/084856:WARNING:crash_report_exception_handler.cc(61)] ProcessSnapshotWin::Initialize failed
[0210/151713.511:ERROR:process_reader_win.cc(114)] NtOpenThread: {Access Denied} A process has requested access to an object, but has not been granted those access rights.  (0xc0000022)
[0210/151713.511:ERROR:exception_snapshot_win.cc(87)] thread ID 54660 not found in process
[0210/151713.511:WARNING:crash_report_exception_handler.cc(60)] ProcessSnapshotWin::Initialize failed
[0210/151713.578:ERROR:process_reader_win.cc(114)] NtOpenThread: {Access Denied} A process has requested access to an object, but has not been granted those access rights.  (0xc0000022)
[0210/151713.579:ERROR:exception_snapshot_win.cc(87)] thread ID 62000 not found in process
[0210/151713.579:WARNING:crash_report_exception_handler.cc(60)] ProcessSnapshotWin::Initialize failed
[0210/161305.867:ERROR:process_reader_win.cc(114)] NtOpenThread: {Access Denied} A process has requested access to an object, but has not been granted those access rights.  (0xc0000022)
[0210/161305.867:ERROR:exception_snapshot_win.cc(87)] thread ID 58556 not found in process
[0210/161305.867:WARNING:crash_report_exception_handler.cc(60)] ProcessSnapshotWin::Initialize failed
[0210/161823.244:ERROR:process_reader_win.cc(114)] NtOpenThread: {Access Denied} A process has requested access to an object, but has not been granted those access rights.  (0xc0000022)
[0210/161823.245:ERROR:exception_snapshot_win.cc(87)] thread ID 58812 not found in process
[0210/161823.245:WARNING:crash_report_exception_handler.cc(60)] ProcessSnapshotWin::Initialize failed
